[debug] [2022-04-15T01:35:44.964Z] ----------------------------------------------------------------------
[debug] [2022-04-15T01:35:44.965Z] Command:       /usr/local/bin/node /usr/local/bin/firebase deploy
[debug] [2022-04-15T01:35:44.966Z] CLI Version:   10.6.0
[debug] [2022-04-15T01:35:44.966Z] Platform:      darwin
[debug] [2022-04-15T01:35:44.966Z] Node Version:  v17.8.0
[debug] [2022-04-15T01:35:44.969Z] Time:          Thu Apr 14 2022 20:35:44 GMT-0500 (Central Daylight Time)
[debug] [2022-04-15T01:35:44.969Z] ----------------------------------------------------------------------
[debug] 
[debug] [2022-04-15T01:35:44.971Z] >>> [apiv2][query] GET https://firebase-public.firebaseio.com/cli.json [none]
[debug] [2022-04-15T01:35:45.086Z] > command requires scopes: ["email","openid","https://www.googleapis.com/auth/cloudplatformprojects.readonly","https://www.googleapis.com/auth/firebase","https://www.googleapis.com/auth/cloud-platform"]
[debug] [2022-04-15T01:35:45.087Z] > authorizing via signed-in user (rutuja.kajave.rk@gmail.com)
[debug] [2022-04-15T01:35:45.087Z] [iam] checking project cs394-happening for permissions ["firebase.projects.get","firebasehosting.sites.update"]
[debug] [2022-04-15T01:35:45.087Z] > refreshing access token with scopes: []
[debug] [2022-04-15T01:35:45.088Z] >>> HTTP REQUEST POST https://www.googleapis.com/oauth2/v3/token  
 <request body omitted>
[debug] [2022-04-15T01:35:45.164Z] <<< [apiv2][status] GET https://firebase-public.firebaseio.com/cli.json 200
[debug] [2022-04-15T01:35:45.164Z] <<< [apiv2][body] GET https://firebase-public.firebaseio.com/cli.json {"cloudBuildErrorAfter":1594252800000,"cloudBuildWarnAfter":1590019200000,"defaultNode10After":1594252800000,"minVersion":"3.0.5","node8DeploysDisabledAfter":1613390400000,"node8RuntimeDisabledAfter":1615809600000,"node8WarnAfter":1600128000000}
[debug] [2022-04-15T01:35:45.206Z] <<< HTTP RESPONSE 200 {"cache-control":"no-cache, no-store, max-age=0, must-revalidate","pragma":"no-cache","date":"Fri, 15 Apr 2022 01:35:45 GMT","expires":"Mon, 01 Jan 1990 00:00:00 GMT","content-type":"application/json; charset=utf-8","vary":"X-Origin, Referer, Origin,Accept-Encoding","server":"scaffolding on HTTPServer2","x-xss-protection":"0","x-frame-options":"SAMEORIGIN","x-content-type-options":"nosniff","alt-svc":"h3=\":443\"; ma=2592000,h3-29=\":443\"; ma=2592000,h3-Q050=\":443\"; ma=2592000,h3-Q046=\":443\"; ma=2592000,h3-Q043=\":443\"; ma=2592000,quic=\":443\"; ma=2592000; v=\"46,43\"","accept-ranges":"none","transfer-encoding":"chunked"}
[debug] [2022-04-15T01:35:45.245Z] >>> [apiv2][query] POST https://cloudresourcemanager.googleapis.com/v1/projects/cs394-happening:testIamPermissions [none]
[debug] [2022-04-15T01:35:45.245Z] >>> [apiv2][body] POST https://cloudresourcemanager.googleapis.com/v1/projects/cs394-happening:testIamPermissions {"permissions":["firebase.projects.get","firebasehosting.sites.update"]}
[debug] [2022-04-15T01:35:45.427Z] <<< [apiv2][status] POST https://cloudresourcemanager.googleapis.com/v1/projects/cs394-happening:testIamPermissions 200
[debug] [2022-04-15T01:35:45.427Z] <<< [apiv2][body] POST https://cloudresourcemanager.googleapis.com/v1/projects/cs394-happening:testIamPermissions {}
[debug] [2022-04-15T01:35:45.428Z] [iam] error while checking permissions, command may fail: FirebaseError: Authorization failed. This account is missing the following required permissions on project cs394-happening:

  firebase.projects.get
  firebasehosting.sites.update
[debug] [2022-04-15T01:35:45.429Z] >>> [apiv2][query] GET https://firebase.googleapis.com/v1beta1/projects/cs394-happening [none]
[debug] [2022-04-15T01:35:45.632Z] <<< [apiv2][status] GET https://firebase.googleapis.com/v1beta1/projects/cs394-happening 403
[debug] [2022-04-15T01:35:45.632Z] <<< [apiv2][body] GET https://firebase.googleapis.com/v1beta1/projects/cs394-happening {"error":{"code":403,"message":"The caller does not have permission","status":"PERMISSION_DENIED"}}
[debug] [2022-04-15T01:35:45.633Z] HTTP Error: 403, The caller does not have permission
[debug] [2022-04-15T01:35:45.705Z] FirebaseError: HTTP Error: 403, The caller does not have permission
    at module.exports (/usr/local/lib/node_modules/firebase-tools/lib/responseToError.js:47:12)
    at RetryOperation._fn (/usr/local/lib/node_modules/firebase-tools/lib/apiv2.js:286:39)
    at processTicksAndRejections (node:internal/process/task_queues:96:5)
[error] 
[error] Error: Failed to get Firebase project cs394-happening. Please make sure the project exists and your account has permission to access it.
